<?xml version="1.0" encoding="UTF-8"?>
<!-- Generated by org.testng.reporters.JUnitReportReporter -->
<testsuite skipped="0" hostname="Aarushi" name="testcases.CabSearchTestCase" tests="1" failures="0" timestamp="2020-07-14T16:59:44 IST" time="84.462" errors="0">
  <testcase name="findingCabs" time="84.462" classname="testcases.CabSearchTestCase"/>
  <system-out/>
</testsuite> <!-- testcases.CabSearchTestCase -->
