<?xml version="1.0" encoding="UTF-8"?>
<!-- Generated by org.testng.reporters.JUnitReportReporter -->
<testsuite skipped="0" hostname="Aarushi" name="testcases.yesttest" tests="1" failures="0" timestamp="2020-07-14T00:29:13 IST" time="16.702" errors="0">
  <testcase name="findingCabs" time="16.702" classname="testcases.yesttest"/>
  <system-out/>
</testsuite> <!-- testcases.yesttest -->
